<?xml version="1.0" encoding="UTF-8"?>
<!-- Generated by org.testng.reporters.JUnitXMLReporter -->
<testsuite ignored="0" hostname="VAMSI" failures="1" tests="1" name="Product Validation" time="85.383" errors="0" timestamp="2021-12-10T23:08:22 PST">
  <testcase classname="holistapetSite.ProductValidation" name="start" time="85.333">
    <failure type="java.lang.NullPointerException" message="null value in entry: url=null">
      <![CDATA[java.lang.NullPointerException: null value in entry: url=null
at com.google.common.collect.CollectPreconditions.checkEntryNotNull(CollectPreconditions.java:32)
at com.google.common.collect.SingletonImmutableBiMap.<init>(SingletonImmutableBiMap.java:42)
at com.google.common.collect.ImmutableBiMap.of(ImmutableBiMap.java:72)
at com.google.common.collect.ImmutableMap.of(ImmutableMap.java:124)
at org.openqa.selenium.remote.RemoteWebDriver.get(RemoteWebDriver.java:277)
at holistapetSite.MethodsClass.ProductValidation(MethodsClass.java:296)
at holistapetSite.ExcelDataReadForProductValidation.holistaexceldata(ExcelDataReadForProductValidation.java:131)
at holistapetSite.ExcelDataReadForProductValidation.ContentValidationDataFromExcel(ExcelDataReadForProductValidation.java:139)
at holistapetSite.ProductValidation.start(ProductValidation.java:22)
at java.base/java.util.ArrayList.forEach(ArrayList.java:1511)
at java.base/java.util.concurrent.FutureTask.run(FutureTask.java:264)
at java.base/java.util.concurrent.ThreadPoolExecutor.runWorker(ThreadPoolExecutor.java:1136)
at java.base/java.util.concurrent.ThreadPoolExecutor$Worker.run(ThreadPoolExecutor.java:635)
at java.base/java.lang.Thread.run(Thread.java:833)
... Removed 18 stack frames]]>
    </failure>
  </testcase> <!-- start -->
</testsuite> <!-- Product Validation -->
