<?xml version="1.0" encoding="UTF-8"?>
<!-- Generated by org.testng.reporters.JUnitXMLReporter -->
<testsuite ignored="0" hostname="DESKTOP-HE658LO" failures="0" tests="5" name="Test two" time="3.755" errors="0" timestamp="2021-11-03T15:23:35 IST">
  <testcase classname="holistapetSite.HomePage" name="test" time="0.04"/>
  <testcase classname="holistapetSite.HomePage" name="testtwo" time="0.028"/>
  <testcase classname="holistapetSite.HomePage" name="testtwo1" time="0.002"/>
  <testcase classname="holistapetSite.HomePage" name="testtwo2" time="0.004"/>
  <testcase classname="holistapetSite.HomePage" name="testtwo3" time="0.002"/>
</testsuite> <!-- Test two -->
