<?xml version="1.0" encoding="UTF-8"?>
<!-- Generated by org.testng.reporters.JUnitXMLReporter -->
<testsuite ignored="0" hostname="LAPTOP-JTE755OA" failures="1" tests="1" name="Test one " time="229.408" errors="0" timestamp="2021-11-12T23:24:07 IST">
  <testcase classname="holistapetSite.SingleImageValidation" name="start" time="226.225">
    <failure type="java.lang.NullPointerException" message="Cannot invoke &amp;quot;String.equals(Object)&amp;quot; because &amp;quot;ImageSiteLink&amp;quot; is null">
      <![CDATA[java.lang.NullPointerException: Cannot invoke "String.equals(Object)" because "ImageSiteLink" is null
at holistapetSite.MethodsClass.SingleImageValidation(MethodsClass.java:162)
at holistapetSite.ExcelDataReadForSingleImageValidation.holistaexceldata(ExcelDataReadForSingleImageValidation.java:79)
at holistapetSite.ExcelDataReadForSingleImageValidation.SingleImageValidationDataFromExcel(ExcelDataReadForSingleImageValidation.java:89)
at holistapetSite.SingleImageValidation.start(SingleImageValidation.java:19)
at java.base/java.util.ArrayList.forEach(ArrayList.java:1511)
at java.base/java.util.concurrent.FutureTask.run(FutureTask.java:264)
at java.base/java.util.concurrent.ThreadPoolExecutor.runWorker(ThreadPoolExecutor.java:1130)
at java.base/java.util.concurrent.ThreadPoolExecutor$Worker.run(ThreadPoolExecutor.java:630)
at java.base/java.lang.Thread.run(Thread.java:831)
... Removed 18 stack frames]]>
    </failure>
  </testcase> <!-- start -->
</testsuite> <!-- Test one  -->
