<?xml version="1.0" encoding="UTF-8"?>
<!-- Generated by org.testng.reporters.JUnitXMLReporter -->
<testsuite ignored="2" hostname="DESKTOP-HE658LO" failures="1" tests="2" name="RunFile" time="2.319" errors="0" timestamp="2021-11-01T16:19:44 IST">
  <testcase classname="holistapetSite.homepagetwo" name="test" time="1.918"/>
  <testcase classname="holistapetSite.HomePage" name="test" time="0.003">
    <failure type="java.lang.NullPointerException" message="Cannot invoke &amp;quot;com.aventstack.extentreports.ExtentReports.createTest(String)&amp;quot; because &amp;quot;this.extent&amp;quot; is null">
      <![CDATA[java.lang.NullPointerException: Cannot invoke "com.aventstack.extentreports.ExtentReports.createTest(String)" because "this.extent" is null
at holistapetSite.HomePage.test(HomePage.java:26)
at java.base/java.util.ArrayList.forEach(ArrayList.java:1511)
... Removed 27 stack frames]]>
    </failure>
  </testcase> <!-- test -->
  <testcase classname="holistapetSite.BaseFile" name="@BeforeTest before" time="0.0">
    <ignored/>
  </testcase> <!-- @BeforeTest before -->
  <testcase classname="holistapetSite.BaseFile" name="@AfterTest after" time="0.0">
    <ignored/>
  </testcase> <!-- @AfterTest after -->
</testsuite> <!-- RunFile -->
