<?xml version="1.0" encoding="UTF-8"?>
<!-- Generated by org.testng.reporters.JUnitXMLReporter -->
<testsuite ignored="4" hostname="DESKTOP-HE658LO" failures="0" tests="2" name="Suite" time="3.496" errors="0" timestamp="2021-11-03T14:51:33 IST">
  <testcase classname="holistapetSite.homepagetwo" name="test" time="0.028"/>
  <testcase classname="holistapetSite.HomePage" name="test" time="0.029"/>
  <testcase classname="holistapetSite.BaseFile" name="@BeforeTest beforeTest" time="0.0">
    <ignored/>
  </testcase> <!-- @BeforeTest beforeTest -->
  <testcase classname="holistapetSite.BaseFile" name="@BeforeSuite beforeSuite" time="0.0">
    <ignored/>
  </testcase> <!-- @BeforeSuite beforeSuite -->
  <testcase classname="holistapetSite.BaseFile" name="@AfterTest afterTest" time="0.0">
    <ignored/>
  </testcase> <!-- @AfterTest afterTest -->
  <testcase classname="holistapetSite.BaseFile" name="@AfterSuite afterSuite" time="0.0">
    <ignored/>
  </testcase> <!-- @AfterSuite afterSuite -->
</testsuite> <!-- Suite -->
