<?xml version="1.0" encoding="UTF-8"?>
<testng-results skipped="0" failed="0" ignored="0" total="1" passed="1">
  <reporter-output>
  </reporter-output>
  <suite name="Suite results" duration-ms="73777" started-at="2021-12-15T12:31:08Z" finished-at="2021-12-15T12:32:22Z">
    <groups>
    </groups>
    <test name="content Validation" duration-ms="73777" started-at="2021-12-15T12:31:08Z" finished-at="2021-12-15T12:32:22Z">
      <class name="holistapetSite.ContentValidation">
        <test-method status="PASS" signature="start()[pri:0, instance:holistapetSite.ContentValidation@3a82f6ef]" name="start" duration-ms="73751" started-at="2021-12-15T12:31:08Z" finished-at="2021-12-15T12:32:22Z">
          <reporter-output>
          </reporter-output>
        </test-method> <!-- start -->
      </class> <!-- holistapetSite.ContentValidation -->
    </test> <!-- content Validation -->
  </suite> <!-- Suite results -->
</testng-results>
