<?xml version="1.0" encoding="UTF-8"?>
<testng-results ignored="0" total="1" passed="1" failed="0" skipped="0">
  <reporter-output>
  </reporter-output>
  <suite started-at="2021-12-14T15:35:38 IST" name="Suite results" finished-at="2021-12-14T15:37:17 IST" duration-ms="98715">
    <groups>
    </groups>
    <test started-at="2021-12-14T15:35:38 IST" name="content Validation" finished-at="2021-12-14T15:37:17 IST" duration-ms="98715">
      <class name="holistapetSite.ContentValidation">
        <test-method signature="start()[pri:0, instance:holistapetSite.ContentValidation@1b2abca6]" started-at="2021-12-14T15:35:38 IST" name="start" finished-at="2021-12-14T15:37:17 IST" duration-ms="98673" status="PASS">
          <reporter-output>
          </reporter-output>
        </test-method> <!-- start -->
      </class> <!-- holistapetSite.ContentValidation -->
    </test> <!-- content Validation -->
  </suite> <!-- Suite results -->
</testng-results>
